{"level":"info","message":"Legal Converter listening on port  8080","timestamp":"2016-06-29T12:14:41.642Z"}
{"level":"info","message":"Legal Converter listening on port  8080","timestamp":"2016-06-29T12:15:02.680Z"}
{"level":"info","message":"Legal Converter listening on port  8080","timestamp":"2016-06-29T12:15:56.190Z"}
{"level":"info","message":"Legal Converter listening on port  8080","timestamp":"2016-06-29T12:18:18.707Z"}
{"level":"info","message":"Legal Converter listening on port  8080","timestamp":"2016-06-29T12:18:43.967Z"}
{"level":"info","message":"Legal Converter listening on port  8080","timestamp":"2016-06-29T12:19:17.436Z"}
{"level":"info","message":"Legal Converter listening on port  8080","timestamp":"2016-06-29T12:21:27.330Z"}
{"level":"info","message":"Legal Converter listening on port  8080","timestamp":"2016-06-29T13:20:51.024Z"}
{"level":"info","message":"Legal Converter listening on port  8080","timestamp":"2016-06-29T13:23:03.016Z"}
{"level":"info","message":"Legal Converter listening on port  8080","timestamp":"2016-06-29T13:23:32.805Z"}
{"level":"info","message":"Legal Converter listening on port  8080","timestamp":"2016-06-29T13:24:07.973Z"}
{"level":"info","message":"Legal Converter listening on port  8080","timestamp":"2016-06-29T13:26:21.271Z"}
{"level":"info","message":"Legal Converter listening on port  8080","timestamp":"2016-06-29T13:27:03.186Z"}
{"level":"info","message":"Legal Converter listening on port  8080","timestamp":"2016-06-29T13:34:08.214Z"}
{"level":"info","message":"Legal Converter listening on port  8080","timestamp":"2016-06-29T13:34:36.848Z"}
{"level":"info","message":"Legal Converter listening on port  8080","timestamp":"2016-06-29T13:35:00.358Z"}
{"level":"info","message":"Legal Converter listening on port  8080","timestamp":"2016-06-29T13:37:55.497Z"}
{"level":"info","message":"Legal Converter listening on port  8080","timestamp":"2016-06-29T13:39:07.802Z"}
{"level":"info","message":"Legal Converter listening on port  8080","timestamp":"2016-06-29T13:39:34.172Z"}
{"level":"info","message":"Legal Converter listening on port  8080","timestamp":"2016-06-29T13:41:45.679Z"}
{"level":"info","message":"Legal Converter listening on port  8080","timestamp":"2016-06-29T13:47:26.999Z"}
{"level":"info","message":"Legal Converter listening on port  8080","timestamp":"2016-06-29T13:48:04.011Z"}
{"level":"info","message":"Legal Converter listening on port  8080","timestamp":"2016-06-29T13:52:43.768Z"}
{"level":"info","message":"Legal Converter listening on port  8080","timestamp":"2016-06-29T13:53:12.843Z"}
{"level":"info","message":"Legal Converter listening on port  8080","timestamp":"2016-06-29T13:54:56.824Z"}
{"level":"info","message":"Legal Converter listening on port  8080","timestamp":"2016-06-29T13:55:18.828Z"}
{"level":"info","message":"Legal Converter listening on port  8080","timestamp":"2016-06-29T13:55:46.390Z"}
{"level":"info","message":"Legal Converter listening on port  8080","timestamp":"2016-06-29T13:56:30.043Z"}
{"level":"info","message":"Legal Converter listening on port  8080","timestamp":"2016-06-29T13:56:45.188Z"}
{"level":"info","message":"Legal Converter listening on port  8080","timestamp":"2016-06-29T13:57:13.746Z"}
{"level":"info","message":"Legal Converter listening on port  8080","timestamp":"2016-06-29T13:57:28.480Z"}
{"level":"info","message":"Legal Converter listening on port  8080","timestamp":"2016-06-29T13:57:46.901Z"}
{"level":"info","message":"Legal Converter listening on port  8080","timestamp":"2016-06-29T14:01:54.805Z"}
{"level":"info","message":"Legal Converter listening on port  8080","timestamp":"2016-06-29T14:02:12.060Z"}
{"level":"info","message":"Legal Converter listening on port  8080","timestamp":"2016-06-29T14:02:37.139Z"}
{"level":"info","message":"Legal Converter listening on port  8080","timestamp":"2016-06-29T14:03:44.518Z"}
{"level":"info","message":"Legal Converter listening on port  8080","timestamp":"2016-06-29T14:04:09.233Z"}
{"level":"info","message":"Legal Converter listening on port  8080","timestamp":"2016-06-29T14:04:29.242Z"}
{"level":"info","message":"Legal Converter listening on port  8080","timestamp":"2016-06-29T14:05:04.407Z"}
{"level":"info","message":"Legal Converter listening on port  8080","timestamp":"2016-06-29T14:38:03.417Z"}
{"level":"info","message":"Legal Converter listening on port  8080","timestamp":"2016-06-29T14:38:56.745Z"}
{"level":"info","message":"Legal Converter listening on port  8080","timestamp":"2016-06-29T14:39:48.848Z"}
{"level":"info","message":"Legal Converter listening on port  8080","timestamp":"2016-06-29T14:42:54.510Z"}
{"level":"info","message":"Legal Converter listening on port  8080","timestamp":"2016-06-29T14:45:31.108Z"}
{"level":"info","message":"Legal Converter listening on port  8080","timestamp":"2016-06-29T14:46:44.550Z"}
{"level":"info","message":"Legal Converter listening on port  8080","timestamp":"2016-06-29T14:46:57.668Z"}
{"level":"info","message":"Legal Converter listening on port  8080","timestamp":"2016-06-29T14:48:16.767Z"}
{"level":"info","message":"Legal Converter listening on port  8080","timestamp":"2016-06-29T14:49:48.054Z"}
{"level":"info","message":"Legal Converter listening on port  8080","timestamp":"2016-06-29T14:51:26.432Z"}
{"level":"info","message":"Legal Converter listening on port  8080","timestamp":"2016-06-29T14:51:42.148Z"}
{"level":"info","message":"Legal Converter listening on port  8080","timestamp":"2016-06-29T14:52:18.456Z"}
{"level":"info","message":"Legal Converter listening on port  8080","timestamp":"2016-06-29T14:57:26.828Z"}
{"level":"info","message":"Legal Converter listening on port  8080","timestamp":"2016-06-30T07:51:59.844Z"}
{"level":"info","message":"Legal Converter listening on port  8080","timestamp":"2016-06-30T07:57:02.968Z"}
{"level":"info","message":"Legal Converter listening on port  8080","timestamp":"2016-06-30T07:57:57.848Z"}
{"level":"info","message":"Legal Converter listening on port  8080","timestamp":"2016-06-30T07:59:37.653Z"}
{"level":"info","message":"Legal Converter listening on port  8080","timestamp":"2016-06-30T08:00:14.086Z"}
{"level":"info","message":"Legal Converter listening on port  8080","timestamp":"2016-06-30T08:00:38.332Z"}
{"level":"info","message":"Legal Converter listening on port  8080","timestamp":"2016-06-30T08:01:29.947Z"}
{"level":"info","message":"Legal Converter listening on port  8080","timestamp":"2016-06-30T08:04:39.797Z"}
{"level":"info","message":"Legal Converter listening on port  8080","timestamp":"2016-06-30T08:06:56.016Z"}
{"level":"info","message":"Legal Converter listening on port  8080","timestamp":"2016-06-30T08:08:11.801Z"}
{"level":"info","message":"Legal Converter listening on port  8080","timestamp":"2016-06-30T08:09:13.639Z"}
{"level":"info","message":"Legal Converter listening on port  8080","timestamp":"2016-06-30T08:11:06.201Z"}
{"level":"info","message":"Legal Converter listening on port  8080","timestamp":"2016-06-30T08:12:17.460Z"}
{"level":"info","message":"Legal Converter listening on port  8080","timestamp":"2016-06-30T08:13:35.254Z"}
{"level":"info","message":"Legal Converter listening on port  8080","timestamp":"2016-06-30T08:14:14.467Z"}
{"level":"info","message":"Legal Converter listening on port  8080","timestamp":"2016-06-30T08:16:18.424Z"}
{"level":"info","message":"Legal Converter listening on port  8080","timestamp":"2016-06-30T08:17:36.461Z"}
{"level":"info","message":"Legal Converter listening on port  8080","timestamp":"2016-06-30T08:18:03.120Z"}
{"level":"info","message":"Legal Converter listening on port  8080","timestamp":"2016-06-30T08:18:23.482Z"}
{"level":"info","message":"Legal Converter listening on port  8080","timestamp":"2016-06-30T08:21:02.181Z"}
{"level":"info","message":"Legal Converter listening on port  8080","timestamp":"2016-06-30T08:21:24.784Z"}
{"level":"info","message":"Legal Converter listening on port  8080","timestamp":"2016-06-30T08:22:50.523Z"}
{"level":"info","message":"Legal Converter listening on port  8080","timestamp":"2016-06-30T08:24:01.941Z"}
{"level":"info","message":"Legal Converter listening on port  8080","timestamp":"2016-06-30T08:26:14.512Z"}
{"level":"info","message":"Legal Converter listening on port  8080","timestamp":"2016-06-30T08:26:47.046Z"}
{"level":"info","message":"Legal Converter listening on port  8080","timestamp":"2016-06-30T08:27:19.970Z"}
{"level":"info","message":"Legal Converter listening on port  8080","timestamp":"2016-06-30T08:27:49.372Z"}
{"level":"info","message":"Legal Converter listening on port  8080","timestamp":"2016-06-30T08:28:15.014Z"}
{"level":"info","message":"Legal Converter listening on port  8080","timestamp":"2016-06-30T08:31:46.187Z"}
{"level":"info","message":"Legal Converter listening on port  8080","timestamp":"2016-06-30T08:32:06.860Z"}
{"level":"info","message":"Legal Converter listening on port  8080","timestamp":"2016-06-30T08:32:47.136Z"}
{"level":"info","message":"Legal Converter listening on port  8080","timestamp":"2016-06-30T08:33:09.698Z"}
{"level":"info","message":"Legal Converter listening on port  8080","timestamp":"2016-06-30T08:33:44.269Z"}
{"level":"info","message":"Legal Converter listening on port  8080","timestamp":"2016-06-30T08:34:03.389Z"}
{"level":"info","message":"Legal Converter listening on port  8080","timestamp":"2016-06-30T08:35:02.140Z"}
{"level":"info","message":"Legal Converter listening on port  8080","timestamp":"2016-06-30T08:35:15.556Z"}
{"level":"info","message":"Legal Converter listening on port  8080","timestamp":"2016-06-30T08:36:20.656Z"}
{"level":"info","message":"Legal Converter listening on port  8080","timestamp":"2016-06-30T09:32:13.843Z"}
{"level":"info","message":"Legal Converter listening on port  8080","timestamp":"2016-06-30T09:32:43.244Z"}
{"level":"info","message":"Legal Converter listening on port  8080","timestamp":"2016-06-30T09:42:01.951Z"}
{"level":"info","message":"Legal Converter listening on port  8080","timestamp":"2016-06-30T09:42:27.064Z"}
{"level":"info","message":"Legal Converter listening on port  8080","timestamp":"2016-06-30T09:46:17.171Z"}
{"level":"info","message":"Legal Converter listening on port  8080","timestamp":"2016-06-30T09:50:48.180Z"}
{"level":"info","message":"Legal Converter listening on port  8080","timestamp":"2016-06-30T09:52:09.124Z"}
{"level":"info","message":"Legal Converter listening on port  8080","timestamp":"2016-06-30T09:53:55.390Z"}
{"level":"info","message":"Legal Converter listening on port  8080","timestamp":"2016-06-30T09:55:09.999Z"}
{"level":"info","message":"Legal Converter listening on port  8080","timestamp":"2016-06-30T09:55:30.724Z"}
{"level":"info","message":"Legal Converter listening on port  8080","timestamp":"2016-06-30T09:56:14.948Z"}
{"level":"info","message":"Legal Converter listening on port  8080","timestamp":"2016-06-30T09:59:27.028Z"}
{"level":"info","message":"Legal Converter listening on port  8080","timestamp":"2016-06-30T10:02:03.618Z"}
{"level":"info","message":"Legal Converter listening on port  8080","timestamp":"2016-06-30T10:09:43.479Z"}
{"level":"info","message":"Legal Converter listening on port  8080","timestamp":"2016-06-30T10:10:14.179Z"}
{"level":"info","message":"Legal Converter listening on port  8080","timestamp":"2016-06-30T10:12:01.806Z"}
{"level":"info","message":"Legal Converter listening on port  8080","timestamp":"2016-06-30T10:13:56.799Z"}
{"level":"info","message":"Legal Converter listening on port  8080","timestamp":"2016-07-01T08:03:13.049Z"}
{"level":"info","message":"Legal Converter listening on port  8080","timestamp":"2016-07-01T08:03:58.576Z"}
{"level":"info","message":"Legal Converter listening on port  8080","timestamp":"2016-07-01T08:04:39.666Z"}
{"level":"info","message":"Legal Converter listening on port  8080","timestamp":"2016-07-01T08:07:12.794Z"}
{"level":"info","message":"Legal Converter listening on port  8080","timestamp":"2016-07-01T08:07:56.981Z"}
{"level":"info","message":"Legal Converter listening on port  8080","timestamp":"2016-07-01T08:08:09.326Z"}
{"level":"info","message":"Legal Converter listening on port  8080","timestamp":"2016-07-01T08:09:03.780Z"}
{"level":"info","message":"Legal Converter listening on port  8080","timestamp":"2016-07-01T08:11:32.457Z"}
{"level":"info","message":"Legal Converter listening on port  8080","timestamp":"2016-07-01T08:11:44.757Z"}
{"level":"info","message":"Legal Converter listening on port  8080","timestamp":"2016-07-01T08:15:09.097Z"}
{"level":"info","message":"Legal Converter listening on port  8080","timestamp":"2016-07-01T08:15:49.548Z"}
{"level":"info","message":"Legal Converter listening on port  8080","timestamp":"2016-07-01T08:18:58.920Z"}
{"level":"info","message":"Legal Converter listening on port  8080","timestamp":"2016-07-01T08:19:11.148Z"}
{"level":"info","message":"Legal Converter listening on port  8080","timestamp":"2016-07-01T08:20:34.599Z"}
{"level":"info","message":"Legal Converter listening on port  8080","timestamp":"2016-07-01T08:20:44.419Z"}
{"level":"info","message":"Legal Converter listening on port  8080","timestamp":"2016-07-01T08:22:32.338Z"}
{"level":"info","message":"Legal Converter listening on port  8080","timestamp":"2016-07-01T08:24:16.323Z"}
{"level":"info","message":"Legal Converter listening on port  8080","timestamp":"2016-07-01T08:24:37.989Z"}
{"level":"info","message":"Legal Converter listening on port  8080","timestamp":"2016-07-01T08:26:44.342Z"}
{"level":"info","message":"Legal Converter listening on port  8080","timestamp":"2016-07-01T08:27:14.621Z"}
{"level":"info","message":"Legal Converter listening on port  8080","timestamp":"2016-07-01T08:27:37.162Z"}
{"level":"info","message":"Legal Converter listening on port  8080","timestamp":"2016-07-01T08:32:13.131Z"}
{"level":"info","message":"application/json","timestamp":"2016-07-01T08:32:13.167Z"}
{"level":"info","message":"0","timestamp":"2016-07-01T08:32:13.168Z"}
{"level":"info","message":"Legal Converter listening on port  8080","timestamp":"2016-07-01T08:36:12.016Z"}
{"level":"info","message":"application/json","timestamp":"2016-07-01T08:36:12.054Z"}
{"level":"info","message":"0","timestamp":"2016-07-01T08:36:12.055Z"}
{"level":"info","message":"2","timestamp":"2016-07-01T08:36:12.057Z"}
{"level":"info","message":"Legal Converter listening on port  8080","timestamp":"2016-07-01T08:36:34.232Z"}
{"level":"info","message":"application/json","timestamp":"2016-07-01T08:36:34.270Z"}
{"level":"info","message":"0","timestamp":"2016-07-01T08:36:34.271Z"}
{"level":"info","message":"2","timestamp":"2016-07-01T08:36:34.274Z"}
{"level":"info","message":"Legal Converter listening on port  8080","timestamp":"2016-07-01T08:37:12.808Z"}
{"level":"info","message":"application/json","timestamp":"2016-07-01T08:37:12.846Z"}
{"level":"info","message":"0","timestamp":"2016-07-01T08:37:12.847Z"}
{"level":"info","message":"Legal Converter listening on port  8080","timestamp":"2016-07-01T08:37:49.686Z"}
{"level":"info","message":"Legal Converter listening on port  8080","timestamp":"2016-07-01T08:38:17.003Z"}
{"level":"info","message":"application/x-www-form-urlencoded","timestamp":"2016-07-01T08:38:17.040Z"}
{"level":"info","message":"0","timestamp":"2016-07-01T08:38:17.041Z"}
{"level":"info","message":"2","timestamp":"2016-07-01T08:38:17.044Z"}
{"level":"info","message":"Legal Converter listening on port  8080","timestamp":"2016-07-01T08:39:05.439Z"}
{"level":"info","message":"text/html","timestamp":"2016-07-01T08:39:05.500Z"}
{"level":"info","message":"1","timestamp":"2016-07-01T08:39:05.500Z"}
{"level":"info","message":"Legal Converter listening on port  8080","timestamp":"2016-07-01T08:39:31.600Z"}
{"level":"info","message":"text/html","timestamp":"2016-07-01T08:39:31.659Z"}
{"level":"info","message":"1","timestamp":"2016-07-01T08:39:31.660Z"}
{"level":"info","message":"Legal Converter listening on port  8080","timestamp":"2016-07-01T08:39:51.351Z"}
{"level":"info","message":"text/html","timestamp":"2016-07-01T08:39:51.412Z"}
{"level":"info","message":"Legal Converter listening on port  8080","timestamp":"2016-07-01T08:40:47.489Z"}
{"level":"info","message":"Legal Converter listening on port  8080","timestamp":"2016-07-01T08:41:42.589Z"}
{"level":"info","message":"Legal Converter listening on port  8080","timestamp":"2016-07-01T09:16:19.148Z"}
{"level":"info","message":"Legal Converter listening on port  8080","timestamp":"2016-07-01T09:17:25.105Z"}
{"level":"info","message":"Legal Converter listening on port  8080","timestamp":"2016-07-01T09:17:40.739Z"}
{"level":"info","message":"Legal Converter listening on port  8080","timestamp":"2016-07-01T09:20:08.052Z"}
{"level":"info","message":"Legal Converter listening on port  8080","timestamp":"2016-07-01T09:20:25.464Z"}
{"level":"info","message":"Legal Converter listening on port  8080","timestamp":"2016-07-01T09:21:51.402Z"}
{"level":"info","message":"Legal Converter listening on port  8080","timestamp":"2016-07-01T09:23:25.422Z"}
{"level":"info","message":"Legal Converter listening on port  8080","timestamp":"2016-07-01T09:24:23.684Z"}
{"level":"info","message":"Legal Converter listening on port  8080","timestamp":"2016-07-01T09:25:04.692Z"}
{"level":"info","message":"Legal Converter listening on port  8080","timestamp":"2016-07-01T09:25:31.533Z"}
{"level":"info","message":"Legal Converter listening on port  8080","timestamp":"2016-07-01T09:26:33.904Z"}
{"level":"info","message":"Legal Converter listening on port  8080","timestamp":"2016-07-01T09:27:51.243Z"}
{"level":"info","message":"Legal Converter listening on port  8080","timestamp":"2016-07-01T09:29:05.203Z"}
{"level":"info","message":"Legal Converter listening on port  8080","timestamp":"2016-07-01T09:30:36.594Z"}
{"level":"info","message":"Legal Converter listening on port  8080","timestamp":"2016-07-01T09:30:47.520Z"}
{"level":"info","message":"Legal Converter listening on port  8080","timestamp":"2016-07-01T09:31:20.291Z"}
{"level":"info","message":"Legal Converter listening on port  8080","timestamp":"2016-07-01T09:31:42.661Z"}
{"level":"info","message":"Legal Converter listening on port  8080","timestamp":"2016-07-01T09:32:04.854Z"}
{"level":"info","message":"Legal Converter listening on port  8080","timestamp":"2016-07-01T09:32:26.434Z"}
{"level":"info","message":"Legal Converter listening on port  8080","timestamp":"2016-07-01T09:32:59.622Z"}
{"level":"info","message":"Legal Converter listening on port  8080","timestamp":"2016-07-01T09:40:10.816Z"}
{"level":"info","message":"Legal Converter listening on port  8080","timestamp":"2016-07-01T09:40:24.651Z"}
{"level":"info","message":"Legal Converter listening on port  8080","timestamp":"2016-07-01T09:48:19.311Z"}
{"level":"info","message":"Legal Converter listening on port  8080","timestamp":"2016-07-01T09:50:10.949Z"}
{"level":"info","message":"Legal Converter listening on port  8080","timestamp":"2016-07-01T09:50:45.769Z"}
{"level":"info","message":"Legal Converter listening on port  8080","timestamp":"2016-07-01T09:57:04.078Z"}
{"level":"info","message":"Legal Converter listening on port  8080","timestamp":"2016-07-01T09:57:55.048Z"}
{"level":"info","message":"Legal Converter listening on port  8080","timestamp":"2016-07-01T09:58:01.423Z"}
